2025-12-31 00:26:58 [WARN] action=GETCOIN user=- input="" code=315 message="You are not logged in."
2025-12-31 00:27:07 [WARN] action=UNKNOWN_COMMAND user=- input="LIST_TEAMS" code=301 message="Syntax error: invalid command format."
2025-12-31 00:27:49 [WARN] action=REGISTER user=- input="hihi haha" code=403 message="Weak password: minimum 8 characters required, must include uppercase, number, special character."
2025-12-31 00:28:36 [INFO] action=LOGIN user=- input="admin Admin@2024" code=110 message="You have logged in successfully."
2025-12-31 00:28:49 [INFO] action=LOGOUT user=- input="" code=134 message="You have logged out successfully."
2025-12-31 00:28:56 [WARN] action=WHOAMI user=- input="" code=315 message="You are not logged in."
2025-12-31 00:29:01 [WARN] action=LOGOUT user=- input="" code=315 message="You are not logged in."
2025-12-31 00:29:15 [WARN] action=REGISTER user=- input="admin Admin@2024" code=331 message="Username already exists."
2025-12-31 00:29:16 [WARN] action=WHOAMI user=- input="" code=315 message="You are not logged in."
2025-12-31 00:29:35 [WARN] action=LOGIN user=- input="admin ame alre" code=314 message="Incorrect password."
2025-12-31 00:29:46 [INFO] action=LOGIN user=- input="admin Admin@2024" code=110 message="You have logged in successfully."
2025-12-31 00:29:49 [INFO] action=WHOAMI user=admin input="" code=201 message="Current user identified."
2025-12-31 00:30:28 [WARN] action=UNKNOWN_COMMAND user=admin input="LIST_TEAMS" code=301 message="Syntax error: invalid command format."
2025-12-31 00:30:41 [WARN] action=UNKNOWN_COMMAND user=admin input="LEAVE_TEAM" code=301 message="Syntax error: invalid command format."
2025-12-31 00:30:53 [WARN] action=UNKNOWN_COMMAND user=admin input="LEAVE_TEAM" code=301 message="Syntax error: invalid command format."
2025-12-31 00:33:05 [INFO] action=WHOAMI user=admin input="" code=201 message="Current user identified."
2025-12-31 00:33:14 [WARN] action=UNKNOWN_COMMAND user=admin input="LEAVE_TEAM" code=301 message="Syntax error: invalid command format."
2025-12-31 00:33:50 [WARN] action=UNKNOWN_COMMAND user=admin input="CREATE_TEAM" code=301 message="Syntax error: invalid command format."
2025-12-31 00:34:36 [WARN] action=UNKNOWN_COMMAND user=admin input="LEAVE_TEAM" code=301 message="Syntax error: invalid command format."
2025-12-31 00:34:51 [WARN] action=UNKNOWN_COMMAND user=admin input="LIST_TEAMS" code=301 message="Syntax error: invalid command format."
2025-12-31 00:35:25 [WARN] action=UNKNOWN_COMMAND user=admin input="CREATE_TEAM" code=301 message="Syntax error: invalid command format."
2025-12-31 09:38:25 [WARN] action=REGISTER user=- input="hihi123 12345" code=403 message="Weak password: minimum 8 characters required, must include uppercase, number, special character."
2025-12-31 09:38:51 [WARN] action=LOGIN user=- input="hihi123 12345" code=312 message="Account does not exist."
2025-12-31 09:39:19 [WARN] action=UNKNOWN_COMMAND user=- input="CREATE_TEAM" code=301 message="Syntax error: invalid command format."
2025-12-31 09:40:56 [INFO] action=REGISTER user=- input="hung Hung@12345" code=100 message="You have registered successfully."
2025-12-31 09:41:18 [INFO] action=LOGIN user=- input="hung Hung@12345" code=110 message="You have logged in successfully."
2025-12-31 09:41:31 [WARN] action=UNKNOWN_COMMAND user=hung input="CREATE_TEAM" code=301 message="Syntax error: invalid command format."
2025-12-31 09:44:55 [WARN] action=LOGIN user=- input="hung Hung@12345" code=312 message="Account does not exist."
2025-12-31 09:45:10 [INFO] action=REGISTER user=- input="hung Hung@12345" code=100 message="You have registered successfully."
2025-12-31 09:45:21 [INFO] action=LOGIN user=- input="hung Hung@12345" code=110 message="You have logged in successfully."
2025-12-31 09:45:35 [WARN] action=UNKNOWN_COMMAND user=hung input="CREATE_TEAM" code=301 message="Syntax error: invalid command format."
2025-12-31 09:50:04 [INFO] action=REGISTER user=- input="hung Hung@123" code=100 message="You have registered successfully."
2025-12-31 09:50:11 [INFO] action=LOGIN user=- input="hung Hung@123" code=110 message="You have logged in successfully."
2025-12-31 09:50:24 [INFO] action=CREATE_TEAM user=hung input="TeamHung" code=120 message="Team created successfully."
2025-12-31 09:50:57 [INFO] action=REGISTER user=- input="dung Dung@123" code=100 message="You have registered successfully."
2025-12-31 09:51:03 [INFO] action=LOGIN user=- input="dung Dung@123" code=110 message="You have logged in successfully."
2025-12-31 09:51:35 [INFO] action=CREATE_TEAM user=dung input="TeamDung" code=120 message="Team created successfully."
2025-12-31 09:53:07 [INFO] action=LIST_TEAMS user=hung input="" code=110 message="You have logged in successfully."
