CREATE_TEAM alpha captain=alice
INVITE bob invited to team=alpha
INVITE_ACCEPT bob team=alpha
CREATE_TEAM alpha captain=alice
INVITE bob invited to team=alpha
INVITE_ACCEPT bob team=alpha
KICK_MEMBER: alice kicked bob from team alpha
CREATE_TEAM crack captain=charlie
INVITE bob invited to team=crack
INVITE_ACCEPT bob team=crack
CREATE_TEAM alpha captain=a
CREATE_TEAM alpha captain=a
CREATE_TEAM alpha captain=a
CREATE_TEAM beta captain=bob
CREATE_TEAM alpha captain=a
CREATE_TEAM beta captain=bob
CREATE_TEAM alpha captain=a
CREATE_TEAM beta captain=bob
CREATE_TEAM alpha captain=a
CREATE_TEAM alpha captain=a
DELETE_TEAM alpha (captain left)
